<?xml version="1.0" encoding="UTF-8"?>
<testsuite xmlns:xsi="http://www.w3.org/2001/XMLSchema-instance" xsi:noNamespaceSchemaLocation="https://maven.apache.org/surefire/maven-surefire-plugin/xsd/surefire-test-report-3.0.xsd" version="3.0" name="com.cth.sdm.security.AuthenticationTest" time="10.065" tests="2" errors="0" skipped="0" failures="0">
  <properties>
[...]
</properties>
  <testcase name="testDefaultUserInitialization" classname="com.cth.sdm.security.AuthenticationTest" time="0.881">
    <system-out><![CDATA[03:51:27.241 [main] INFO org.springframework.test.context.support.AnnotationConfigContextLoaderUtils -- Could not detect default configuration classes for test class [com.cth.sdm.security.AuthenticationTest]: AuthenticationTest does not declare any static, non-private, non-final, nested classes annotated with @Configuration.
03:51:27.372 [main] INFO org.springframework.boot.test.context.SpringBootTestContextBootstrapper -- Found @SpringBootConfiguration com.cth.sdm.SdmApplication for test class com.cth.sdm.security.AuthenticationTest

  .   ____          _            __ _ _
 /\\ / ___'_ __ _ _(_)_ __  __ _ \ \ \ \
( ( )\___ | '_ | '_| | '_ \/ _` | \ \ \ \
 \\/  ___)| |_)| | | | | || (_| |  ) ) ) )
  '  |____| .__|_| |_|_| |_\__, | / / / /
 =========|_|==============|___/=/_/_/_/
 :: Spring Boot ::                (v3.2.4)

2026-08-02T03:51:28.071Z  INFO 107469 --- [Software Development Document Environment] [           main] c.cth.sdm.security.AuthenticationTest    : Starting AuthenticationTest using Java 21.0.10 with PID 107469 (started by jules in /app)
2026-08-02T03:51:28.073Z  INFO 107469 --- [Software Development Document Environment] [           main] c.cth.sdm.security.AuthenticationTest    : The following 1 profile is active: "default"
2026-08-02T03:51:29.672Z  INFO 107469 --- [Software Development Document Environment] [           main] .s.d.r.c.RepositoryConfigurationDelegate : Bootstrapping Spring Data JPA repositories in DEFAULT mode.
2026-08-02T03:51:29.755Z  INFO 107469 --- [Software Development Document Environment] [           main] .s.d.r.c.RepositoryConfigurationDelegate : Finished Spring Data repository scanning in 73 ms. Found 5 JPA repository interfaces.
2026-08-02T03:51:30.465Z  INFO 107469 --- [Software Development Document Environment] [           main] o.hibernate.jpa.internal.util.LogHelper  : HHH000204: Processing PersistenceUnitInfo [name: default]
2026-08-02T03:51:30.542Z  INFO 107469 --- [Software Development Document Environment] [           main] org.hibernate.Version                    : HHH000412: Hibernate ORM core version 6.4.4.Final
2026-08-02T03:51:30.592Z  INFO 107469 --- [Software Development Document Environment] [           main] o.h.c.internal.RegionFactoryInitiator    : HHH000026: Second-level cache disabled
2026-08-02T03:51:30.936Z  INFO 107469 --- [Software Development Document Environment] [           main] o.s.o.j.p.SpringPersistenceUnitInfo      : No LoadTimeWeaver setup: ignoring JPA class transformer
2026-08-02T03:51:30.967Z  INFO 107469 --- [Software Development Document Environment] [           main] com.zaxxer.hikari.HikariDataSource       : HikariPool-1 - Starting...
2026-08-02T03:51:31.428Z  INFO 107469 --- [Software Development Document Environment] [           main] com.zaxxer.hikari.pool.HikariPool        : HikariPool-1 - Added connection conn0: url=jdbc:h2:mem:sdmdb user=SA
2026-08-02T03:51:31.430Z  INFO 107469 --- [Software Development Document Environment] [           main] com.zaxxer.hikari.HikariDataSource       : HikariPool-1 - Start completed.
2026-08-02T03:51:31.457Z  WARN 107469 --- [Software Development Document Environment] [           main] org.hibernate.orm.deprecation            : HHH90000025: H2Dialect does not need to be specified explicitly using 'hibernate.dialect' (remove the property setting and it will be selected by default)
2026-08-02T03:51:32.959Z  INFO 107469 --- [Software Development Document Environment] [           main] o.h.e.t.j.p.i.JtaPlatformInitiator       : HHH000489: No JTA platform available (set 'hibernate.transaction.jta.platform' to enable JTA platform integration)
Hibernate:
    create table document_deliverables (
        id bigint generated by default as identity,
        description varchar(2000),
        doc_code varchar(255),
        doc_id varchar(255) not null,
        name varchar(255) not null,
        version varchar(255),
        phase_id bigint not null,
        primary key (id)
    )
Hibernate:
    create table document_submissions (
        id bigint generated by default as identity,
        app_code varchar(3) not null,
        approved_at timestamp(6),
        checker_username varchar(255),
        created_at timestamp(6),
        file_name varchar(255) not null,
        file_path varchar(255),
        maker_username varchar(255) not null,
        parsed_content varchar(1000000),
        status varchar(255),
        doc_deliverable_id bigint,
        primary key (id)
    )
Hibernate:
    create table phases (
        id bigint generated by default as identity,
        name varchar(255) not null,
        phase_number integer not null,
        primary key (id)
    )
Hibernate:
    create table roles (
        id bigint generated by default as identity,
        name varchar(255) not null,
        primary key (id)
    )
Hibernate:
    create table user_roles (
        user_id bigint not null,
        role_id bigint not null,
        primary key (user_id, role_id)
    )
Hibernate:
    create table users (
        id bigint generated by default as identity,
        created_at timestamp(6),
        email varchar(255),
        is_enabled boolean not null,
        is_ldap boolean not null,
        is_locked boolean not null,
        mfa_enabled boolean not null,
        password varchar(255) not null,
        password_reset_required boolean not null,
        username varchar(255) not null,
        primary key (id)
    )
Hibernate:
    alter table if exists document_deliverables
       drop constraint if exists UK_pgq2x4n9xv7q7cqmlpp5l3dte
Hibernate:
    alter table if exists document_deliverables
       add constraint UK_pgq2x4n9xv7q7cqmlpp5l3dte unique (doc_id)
Hibernate:
    alter table if exists phases
       drop constraint if exists UK_frjgoijou074da9ors7f0j2ng
Hibernate:
    alter table if exists phases
       add constraint UK_frjgoijou074da9ors7f0j2ng unique (phase_number)
Hibernate:
    alter table if exists roles
       drop constraint if exists UK_ofx66keruapi6vyqpv6f2or37
Hibernate:
    alter table if exists roles
       add constraint UK_ofx66keruapi6vyqpv6f2or37 unique (name)
Hibernate:
    alter table if exists users
       drop constraint if exists UK_r43af9ap4edm43mmtq01oddj6
Hibernate:
    alter table if exists users
       add constraint UK_r43af9ap4edm43mmtq01oddj6 unique (username)
Hibernate:
    alter table if exists document_deliverables
       add constraint FK7s541ixbib5pydx5sob6n6pyt
       foreign key (phase_id)
       references phases
Hibernate:
    alter table if exists document_submissions
       add constraint FK30rkqmscqsbil6gntod0dp1vb
       foreign key (doc_deliverable_id)
       references document_deliverables
Hibernate:
    alter table if exists user_roles
       add constraint FKh8ciramu9cc9q3qcqiv4ue8a6
       foreign key (role_id)
       references roles
Hibernate:
    alter table if exists user_roles
       add constraint FKhfh9dx7w3ubf1co1vdev94g3f
       foreign key (user_id)
       references users
2026-08-02T03:51:33.096Z  INFO 107469 --- [Software Development Document Environment] [           main] j.LocalContainerEntityManagerFactoryBean : Initialized JPA EntityManagerFactory for persistence unit 'default'
Hibernate:
    select
        count(*)
    from
        roles r1_0
Hibernate:
    insert
    into
        roles
        (name, id)
    values
        (?, default)
Hibernate:
    insert
    into
        roles
        (name, id)
    values
        (?, default)
Hibernate:
    insert
    into
        roles
        (name, id)
    values
        (?, default)
Hibernate:
    select
        count(*)
    from
        users u1_0
Hibernate:
    select
        r1_0.id,
        r1_0.name
    from
        roles r1_0
    where
        r1_0.name=?
Hibernate:
    select
        r1_0.id,
        r1_0.name
    from
        roles r1_0
    where
        r1_0.name=?
Hibernate:
    select
        r1_0.id,
        r1_0.name
    from
        roles r1_0
    where
        r1_0.name=?
Hibernate:
    insert
    into
        users
        (created_at, email, is_enabled, is_ldap, is_locked, mfa_enabled, password, password_reset_required, username, id)
    values
        (?, ?, ?, ?, ?, ?, ?, ?, ?, default)
Hibernate:
    insert
    into
        user_roles
        (user_id, role_id)
    values
        (?, ?)
Hibernate:
    insert
    into
        user_roles
        (user_id, role_id)
    values
        (?, ?)
Hibernate:
    insert
    into
        user_roles
        (user_id, role_id)
    values
        (?, ?)
Hibernate:
    insert
    into
        users
        (created_at, email, is_enabled, is_ldap, is_locked, mfa_enabled, password, password_reset_required, username, id)
    values
        (?, ?, ?, ?, ?, ?, ?, ?, ?, default)
Hibernate:
    insert
    into
        user_roles
        (user_id, role_id)
    values
        (?, ?)
Hibernate:
    insert
    into
        users
        (created_at, email, is_enabled, is_ldap, is_locked, mfa_enabled, password, password_reset_required, username, id)
    values
        (?, ?, ?, ?, ?, ?, ?, ?, ?, default)
Hibernate:
    insert
    into
        user_roles
        (user_id, role_id)
    values
        (?, ?)
Hibernate:
    select
        count(*)
    from
        phases p1_0
2026-08-02T03:51:34.813Z  INFO 107469 --- [Software Development Document Environment] [           main] com.cth.sdm.service.PhaseSeedService     : Seeding 7 SDLC Phases and Document Deliverables...
Hibernate:
    insert
    into
        phases
        (name, phase_number, id)
    values
        (?, ?, default)
Hibernate:
    insert
    into
        phases
        (name, phase_number, id)
    values
        (?, ?, default)
Hibernate:
    insert
    into
        phases
        (name, phase_number, id)
    values
        (?, ?, default)
Hibernate:
    insert
    into
        phases
        (name, phase_number, id)
    values
        (?, ?, default)
Hibernate:
    insert
    into
        phases
        (name, phase_number, id)
    values
        (?, ?, default)
Hibernate:
    insert
    into
        phases
        (name, phase_number, id)
    values
        (?, ?, default)
Hibernate:
    insert
    into
        phases
        (name, phase_number, id)
    values
        (?, ?, default)
Hibernate:
    insert
    into
        document_deliverables
        (description, doc_code, doc_id, name, phase_id, version, id)
    values
        (?, ?, ?, ?, ?, ?, default)
Hibernate:
    insert
    into
        document_deliverables
        (description, doc_code, doc_id, name, phase_id, version, id)
    values
        (?, ?, ?, ?, ?, ?, default)
Hibernate:
    insert
    into
        document_deliverables
        (description, doc_code, doc_id, name, phase_id, version, id)
    values
        (?, ?, ?, ?, ?, ?, default)
Hibernate:
    insert
    into
        document_deliverables
        (description, doc_code, doc_id, name, phase_id, version, id)
    values
        (?, ?, ?, ?, ?, ?, default)
Hibernate:
    insert
    into
        document_deliverables
        (description, doc_code, doc_id, name, phase_id, version, id)
    values
        (?, ?, ?, ?, ?, ?, default)
Hibernate:
    insert
    into
        document_deliverables
        (description, doc_code, doc_id, name, phase_id, version, id)
    values
        (?, ?, ?, ?, ?, ?, default)
Hibernate:
    insert
    into
        document_deliverables
        (description, doc_code, doc_id, name, phase_id, version, id)
    values
        (?, ?, ?, ?, ?, ?, default)
Hibernate:
    insert
    into
        document_deliverables
        (description, doc_code, doc_id, name, phase_id, version, id)
    values
        (?, ?, ?, ?, ?, ?, default)
Hibernate:
    insert
    into
        document_deliverables
        (description, doc_code, doc_id, name, phase_id, version, id)
    values
        (?, ?, ?, ?, ?, ?, default)
Hibernate:
    insert
    into
        document_deliverables
        (description, doc_code, doc_id, name, phase_id, version, id)
    values
        (?, ?, ?, ?, ?, ?, default)
Hibernate:
    insert
    into
        document_deliverables
        (description, doc_code, doc_id, name, phase_id, version, id)
    values
        (?, ?, ?, ?, ?, ?, default)
Hibernate:
    insert
    into
        document_deliverables
        (description, doc_code, doc_id, name, phase_id, version, id)
    values
        (?, ?, ?, ?, ?, ?, default)
Hibernate:
    insert
    into
        document_deliverables
        (description, doc_code, doc_id, name, phase_id, version, id)
    values
        (?, ?, ?, ?, ?, ?, default)
Hibernate:
    insert
    into
        document_deliverables
        (description, doc_code, doc_id, name, phase_id, version, id)
    values
        (?, ?, ?, ?, ?, ?, default)
Hibernate:
    insert
    into
        document_deliverables
        (description, doc_code, doc_id, name, phase_id, version, id)
    values
        (?, ?, ?, ?, ?, ?, default)
Hibernate:
    insert
    into
        document_deliverables
        (description, doc_code, doc_id, name, phase_id, version, id)
    values
        (?, ?, ?, ?, ?, ?, default)
Hibernate:
    insert
    into
        document_deliverables
        (description, doc_code, doc_id, name, phase_id, version, id)
    values
        (?, ?, ?, ?, ?, ?, default)
Hibernate:
    insert
    into
        document_deliverables
        (description, doc_code, doc_id, name, phase_id, version, id)
    values
        (?, ?, ?, ?, ?, ?, default)
Hibernate:
    insert
    into
        document_deliverables
        (description, doc_code, doc_id, name, phase_id, version, id)
    values
        (?, ?, ?, ?, ?, ?, default)
Hibernate:
    insert
    into
        document_deliverables
        (description, doc_code, doc_id, name, phase_id, version, id)
    values
        (?, ?, ?, ?, ?, ?, default)
Hibernate:
    insert
    into
        document_deliverables
        (description, doc_code, doc_id, name, phase_id, version, id)
    values
        (?, ?, ?, ?, ?, ?, default)
Hibernate:
    insert
    into
        document_deliverables
        (description, doc_code, doc_id, name, phase_id, version, id)
    values
        (?, ?, ?, ?, ?, ?, default)
Hibernate:
    insert
    into
        document_deliverables
        (description, doc_code, doc_id, name, phase_id, version, id)
    values
        (?, ?, ?, ?, ?, ?, default)
Hibernate:
    insert
    into
        document_deliverables
        (description, doc_code, doc_id, name, phase_id, version, id)
    values
        (?, ?, ?, ?, ?, ?, default)
Hibernate:
    insert
    into
        document_deliverables
        (description, doc_code, doc_id, name, phase_id, version, id)
    values
        (?, ?, ?, ?, ?, ?, default)
2026-08-02T03:51:34.875Z  INFO 107469 --- [Software Development Document Environment] [           main] com.cth.sdm.service.PhaseSeedService     : 7 SDLC Phases and Deliverables seeded successfully.
2026-08-02T03:51:35.090Z  WARN 107469 --- [Software Development Document Environment] [           main] JpaBaseConfiguration$JpaWebConfiguration : spring.jpa.open-in-view is enabled by default. Therefore, database queries may be performed during view rendering. Explicitly configure spring.jpa.open-in-view to disable this warning
2026-08-02T03:51:35.535Z  INFO 107469 --- [Software Development Document Environment] [           main] o.s.s.web.DefaultSecurityFilterChain     : Will secure any request with [org.springframework.security.web.session.DisableEncodeUrlFilter@6be7a271, org.springframework.security.web.context.request.async.WebAsyncManagerIntegrationFilter@7cfb255, org.springframework.security.web.context.SecurityContextHolderFilter@6ad2a8db, org.springframework.security.web.header.HeaderWriterFilter@6d7c8a2, org.springframework.web.filter.CorsFilter@214fe287, org.springframework.security.web.authentication.logout.LogoutFilter@2984edab, org.springframework.security.web.authentication.UsernamePasswordAuthenticationFilter@4b6575fd, org.springframework.security.web.savedrequest.RequestCacheAwareFilter@59bdd277, org.springframework.security.web.servletapi.SecurityContextHolderAwareRequestFilter@45543b88, org.springframework.security.web.authentication.AnonymousAuthenticationFilter@4545ac62, org.springframework.security.web.access.ExceptionTranslationFilter@23ec291e, org.springframework.security.web.access.intercept.AuthorizationFilter@27015621]
2026-08-02T03:51:36.076Z  INFO 107469 --- [Software Development Document Environment] [           main] o.s.l.c.support.AbstractContextSource    : Property 'userDn' not set - anonymous context will be used for read-only operations
2026-08-02T03:51:36.168Z  INFO 107469 --- [Software Development Document Environment] [           main] c.cth.sdm.security.AuthenticationTest    : Started AuthenticationTest in 8.631 seconds (process running for 9.869)
Hibernate:
    select
        u1_0.id,
        u1_0.created_at,
        u1_0.email,
        u1_0.is_enabled,
        u1_0.is_ldap,
        u1_0.is_locked,
        u1_0.mfa_enabled,
        u1_0.password,
        u1_0.password_reset_required,
        u1_0.username
    from
        users u1_0
    where
        u1_0.username=?
Hibernate:
    select
        r1_0.user_id,
        r1_1.id,
        r1_1.name
    from
        user_roles r1_0
    join
        roles r1_1
            on r1_1.id=r1_0.role_id
    where
        r1_0.user_id=?
]]></system-out>
    <system-err><![CDATA[WARNING: A Java agent has been loaded dynamically (/home/jules/.m2/repository/net/bytebuddy/byte-buddy-agent/1.14.12/byte-buddy-agent-1.14.12.jar)
WARNING: If a serviceability tool is in use, please run with -XX:+EnableDynamicAgentLoading to hide this warning
WARNING: If a serviceability tool is not in use, please run with -Djdk.instrument.traceUsage for more information
WARNING: Dynamic loading of agents will be disallowed by default in a future release
]]></system-err>
  </testcase>
  <testcase name="testSimulatedLdapAuthentication" classname="com.cth.sdm.security.AuthenticationTest" time="0.01">
    <system-out><![CDATA[2026-08-02T03:51:37.077Z  INFO 107469 --- [Software Development Document Environment] [           main] c.c.s.service.CustomUserDetailsService   : Dual Authentication mode configured. LDAP Enabled state set to: true
2026-08-02T03:51:37.077Z  INFO 107469 --- [Software Development Document Environment] [           main] c.c.s.service.CustomUserDetailsService   : Authenticating via Simulated Active Directory LDAP for user: ldapuser
2026-08-02T03:51:37.080Z  INFO 107469 --- [Software Development Document Environment] [           main] c.c.s.service.CustomUserDetailsService   : Dual Authentication mode configured. LDAP Enabled state set to: false
]]></system-out>
  </testcase>
</testsuite>